<?xml version="1.0" encoding="UTF-8" standalone="no"?><testsuite errors="0" failures="0" hostname="vd-hoyosroh" name="default.test" tests="22" time="7.94600"><properties><property name="ant.library.dir" value="C:\Users\hoyosroh\eclipse\bundle-pool\plugins\org.apache.ant_1.10.12.v20211102-1452\lib"/><property name="java.specification.version" value="19"/><property name="sun.cpu.isalist" value="amd64"/><property name="sun.jnu.encoding" value="Cp1252"/><property name="osgi.nl" value="en_US"/><property name="osgi.syspath" value="c:\Users\hoyosroh\eclipse\bundle-pool\plugins"/><property name="sun.arch.data.model" value="64"/><property name="osgi.instance.area.default" value="file:/C:/Users/hoyosroh/workspace/"/><property name="equinox.init.uuid" value="true"/><property name="ds.delayed.keepInstances.default" value="true"/><property name="java.vendor.url" value="https://java.oracle.com/"/><property name="org.osgi.framework.system.capabilities" value="osgi.ee; osgi.ee=&quot;OSGi/Minimum&quot;; version:List&lt;Version&gt;=&quot;1.0, 1.1, 1.2&quot;, osgi.ee; osgi.ee=&quot;JRE&quot;; version:List&lt;Version&gt;=&quot;1.0, 1.1&quot;, osgi.ee; osgi.ee=&quot;JavaSE&quot;; version:List&lt;Version&gt;=&quot;1.0, 1.1, 1.2, 1.3, 1.4, 1.5, 1.6, 1.7, 1.8, 9.0, 10.0, 11.0, 12.0, 13.0, 14.0, 15.0, 16.0, 17.0, 18.0, 19.0&quot;,osgi.ee; osgi.ee=&quot;JavaSE/compact1&quot;; version:List&lt;Version&gt;=&quot;1.8, 9.0, 10.0, 11.0, 12.0, 13.0, 14.0, 15.0, 16.0, 17.0, 18.0, 19.0&quot;,osgi.ee; osgi.ee=&quot;JavaSE/compact2&quot;; version:List&lt;Version&gt;=&quot;1.8, 9.0, 10.0, 11.0, 12.0, 13.0, 14.0, 15.0, 16.0, 17.0, 18.0, 19.0&quot;,osgi.ee; osgi.ee=&quot;JavaSE/compact3&quot;; version:List&lt;Version&gt;=&quot;1.8, 9.0, 10.0, 11.0, 12.0, 13.0, 14.0, 15.0, 16.0, 17.0, 18.0, 19.0&quot;"/><property name="osgi.nl.user" value="en_US"/><property name="sun.boot.library.path" value="C:\Program Files\Java\jdk-19\bin"/><property name="sun.java.command" value="org.eclipse.equinox.launcher.Main -launcher C:\Users\hoyosroh\eclipse\modeling\eclipse\eclipse.exe -name Eclipse -showsplash 600 -product org.eclipse.epp.package.modeling.product -data C:\Users\hoyosroh\eclipse\modeling\epsilon-ws/../runtime-EclipseApplication -configuration file:C:/Users/hoyosroh/eclipse/modeling/epsilon-ws/.metadata/.plugins/org.eclipse.pde.core/Rhapsody Emc/ -dev file:C:/Users/hoyosroh/eclipse/modeling/epsilon-ws/.metadata/.plugins/org.eclipse.pde.core/Rhapsody Emc/dev.properties -os win32 -ws win32 -arch x86_64 -nl en_US -consoleLog"/><property name="jdk.debug" value="release"/><property name="org.eclipse.equinox.launcher.splash.location" value="C:\Users\hoyosroh\eclipse\bundle-pool\plugins\org.eclipse.epp.package.common_4.27.0.20230309-1200\splash.bmp"/><property name="org.osgi.supports.framework.requirebundle" value="true"/><property name="osgi.arch" value="x86_64"/><property name="org.eclipse.equinox.simpleconfigurator.configUrl" value="file:/C:/Users/hoyosroh/eclipse/modeling/epsilon-ws/.metadata/.plugins/org.eclipse.pde.core/Rhapsody Emc/org.eclipse.equinox.simpleconfigurator/bundles.info"/><property name="java.specification.vendor" value="Oracle Corporation"/><property name="org.osgi.framework.language" value="en"/><property name="org.osgi.framework.system.packages" value="com.sun.jarsigner, com.sun.java.accessibility.util, com.sun.jdi, com.sun.jdi.connect, com.sun.jdi.connect.spi, com.sun.jdi.event, com.sun.jdi.request, com.sun.management, com.sun.net.httpserver, com.sun.net.httpserver.spi, com.sun.nio.file, com.sun.nio.sctp, com.sun.security.auth, com.sun.security.auth.callback, com.sun.security.auth.login, com.sun.security.auth.module, com.sun.security.jgss, com.sun.source.doctree, com.sun.source.tree, com.sun.source.util, com.sun.tools.attach, com.sun.tools.attach.spi, com.sun.tools.javac, com.sun.tools.jconsole, java.applet, java.awt, java.awt.color, java.awt.datatransfer, java.awt.desktop, java.awt.dnd, java.awt.event, java.awt.font, java.awt.geom, java.awt.im, java.awt.im.spi, java.awt.image, java.awt.image.renderable, java.awt.print, java.beans, java.beans.beancontext, java.io, java.lang, java.lang.annotation, java.lang.constant, java.lang.foreign, java.lang.instrument, java.lang.invoke, java.lang.management, java.lang.module, java.lang.ref, java.lang.reflect, java.lang.runtime, java.math, java.net, java.net.http, java.net.spi, java.nio, java.nio.channels, java.nio.channels.spi, java.nio.charset, java.nio.charset.spi, java.nio.file, java.nio.file.attribute, java.nio.file.spi, java.rmi, java.rmi.dgc, java.rmi.registry, java.rmi.server, java.security, java.security.cert, java.security.interfaces, java.security.spec, java.sql, java.text, java.text.spi, java.time, java.time.chrono, java.time.format, java.time.temporal, java.time.zone, java.util, java.util.concurrent, java.util.concurrent.atomic, java.util.concurrent.locks, java.util.function, java.util.jar, java.util.logging, java.util.prefs, java.util.random, java.util.regex, java.util.spi, java.util.stream, java.util.zip, javax.accessibility, javax.annotation.processing, javax.crypto, javax.crypto.interfaces, javax.crypto.spec, javax.imageio, javax.imageio.event, javax.imageio.metadata, javax.imageio.plugins.bmp, javax.imageio.plugins.jpeg, javax.imageio.plugins.tiff, javax.imageio.spi, javax.imageio.stream, javax.lang.model, javax.lang.model.element, javax.lang.model.type, javax.lang.model.util, javax.management, javax.management.loading, javax.management.modelmbean, javax.management.monitor, javax.management.openmbean, javax.management.relation, javax.management.remote, javax.management.remote.rmi, javax.management.timer, javax.naming, javax.naming.directory, javax.naming.event, javax.naming.ldap, javax.naming.ldap.spi, javax.naming.spi, javax.net, javax.net.ssl, javax.print, javax.print.attribute, javax.print.attribute.standard, javax.print.event, javax.rmi.ssl, javax.script, javax.security.auth, javax.security.auth.callback, javax.security.auth.kerberos, javax.security.auth.login, javax.security.auth.spi, javax.security.auth.x500, javax.security.cert, javax.security.sasl, javax.smartcardio, javax.sound.midi, javax.sound.midi.spi, javax.sound.sampled, javax.sound.sampled.spi, javax.sql, javax.sql.rowset, javax.sql.rowset.serial, javax.sql.rowset.spi, javax.swing, javax.swing.border, javax.swing.colorchooser, javax.swing.event, javax.swing.filechooser, javax.swing.plaf, javax.swing.plaf.basic, javax.swing.plaf.metal, javax.swing.plaf.multi, javax.swing.plaf.nimbus, javax.swing.plaf.synth, javax.swing.table, javax.swing.text, javax.swing.text.html, javax.swing.text.html.parser, javax.swing.text.rtf, javax.swing.tree, javax.swing.undo, javax.tools, javax.transaction.xa, javax.xml, javax.xml.catalog, javax.xml.crypto, javax.xml.crypto.dom, javax.xml.crypto.dsig, javax.xml.crypto.dsig.dom, javax.xml.crypto.dsig.keyinfo, javax.xml.crypto.dsig.spec, javax.xml.datatype, javax.xml.namespace, javax.xml.parsers, javax.xml.stream, javax.xml.stream.events, javax.xml.stream.util, javax.xml.transform, javax.xml.transform.dom, javax.xml.transform.sax, javax.xml.transform.stax, javax.xml.transform.stream, javax.xml.validation, javax.xml.xpath, jdk.dynalink, jdk.dynalink.beans, jdk.dynalink.linker, jdk.dynalink.linker.support, jdk.dynalink.support, jdk.incubator.concurrent, jdk.incubator.vector, jdk.javadoc.doclet, jdk.jfr, jdk.jfr.consumer, jdk.jshell, jdk.jshell.execution, jdk.jshell.spi, jdk.jshell.tool, jdk.management.jfr, jdk.net, jdk.nio, jdk.nio.mapmode, jdk.security.jarsigner, jdk.swing.interop, netscape.javascript, org.ietf.jgss, org.w3c.dom, org.w3c.dom.bootstrap, org.w3c.dom.css, org.w3c.dom.events, org.w3c.dom.html, org.w3c.dom.ls, org.w3c.dom.ranges, org.w3c.dom.stylesheets, org.w3c.dom.traversal, org.w3c.dom.views, org.w3c.dom.xpath, org.xml.sax, org.xml.sax.ext, org.xml.sax.helpers, sun.misc, sun.reflect"/><property name="eclipse.application" value="org.eclipse.ui.ide.workbench"/><property name="gosh.args" value="--nointeractive"/><property name="java.version.date" value="2023-01-17"/><property name="eclipse.launcher.name" value="Eclipse"/><property name="org.eclipse.update.resolution_url" value=""/><property name="java.home" value="C:\Program Files\Java\jdk-19"/><property name="file.separator" value="\"/><property name="java.vm.compressedOopsMode" value="Zero based"/><property name="line.separator" value="&#13;&#10;"/><property name="org.osgi.framework.executionenvironment" value="OSGi/Minimum-1.0, OSGi/Minimum-1.1, OSGi/Minimum-1.2, JavaSE/compact1-1.8, JavaSE/compact2-1.8, JavaSE/compact3-1.8, JRE-1.1, J2SE-1.2, J2SE-1.3, J2SE-1.4, J2SE-1.5, JavaSE-1.6, JavaSE-1.7, JavaSE-1.8, JavaSE-9, JavaSE-10, JavaSE-11, JavaSE-12, JavaSE-13, JavaSE-14, JavaSE-15, JavaSE-16, JavaSE-17, JavaSE-18, JavaSE-19"/><property name="java.vm.specification.vendor" value="Oracle Corporation"/><property name="java.specification.name" value="Java Platform API Specification"/><property name="osgi.compatibility.bootdelegation.default" value="true"/><property name="eclipse.buildId" value="4.27.0.20230309-1200"/><property name="user.script" value=""/><property name="sun.management.compiler" value="HotSpot 64-Bit Tiered Compilers"/><property name="java.runtime.version" value="19.0.2+7-44"/><property name="org.eclipse.swt.internal.deviceZoom" value="100"/><property name="user.name" value="hoyosroh"/><property name="osgi.framework.useSystemProperties" value="true"/><property name="org.osgi.framework.vendor" value="Eclipse"/><property name="file.encoding" value="UTF-8"/><property name="jnidispatch.path" value="C:\Users\hoyosroh\AppData\Local\Temp\jna--132480939\jna6113157368628781273.dll"/><property name="osgi.framework.extensions" value="reference:file:C:/Users/hoyosroh/eclipse/bundle-pool/plugins/org.eclipse.osgi.compatibility.state_1.2.800.v20221116-1440.jar"/><property name="osgi.dev" value="file:C:/Users/hoyosroh/eclipse/modeling/epsilon-ws/.metadata/.plugins/org.eclipse.pde.core/Rhapsody Emc/dev.properties"/><property name="jna.loaded" value="true"/><property name="java.io.tmpdir" value="C:\Users\hoyosroh\AppData\Local\Temp\"/><property name="eclipse.home.location" value="file:/C:/Users/hoyosroh/eclipse/modeling/eclipse/"/><property name="org.eclipse.swt.graphics.Resource.reportNonDisposed" value="true"/><property name="java.version" value="19.0.2"/><property name="osgi.bundles.defaultStartLevel" value="4"/><property name="java.vm.specification.name" value="Java Virtual Machine Specification"/><property name="ant.home" value="C:\Users\hoyosroh\eclipse\bundle-pool\plugins\org.apache.ant_1.10.12.v20211102-1452"/><property name="sun.os.patch.level" value=""/><property name="osgi.configuration.cascaded" value="false"/><property name="native.encoding" value="Cp1252"/><property name="java.library.path" value="C:\Users\hoyosroh\eclipse\modeling\epsilon-ws\com.telelogic.rhapsody.core\lib"/><property name="stderr.encoding" value="Cp1252"/><property name="java.vendor" value="Oracle Corporation"/><property name="org.eclipse.debug.ui.breakpoints.toggleFactoriesUsed" value="false"/><property name="sun.io.unicode.encoding" value="UnicodeLittle"/><property name="eclipse.stateSaveDelayInterval" value="30000"/><property name="osgi.checkConfiguration" value="true"/><property name="org.osgi.framework.version" value="1.10.0"/><property name="java.class.path" value="C:\Users\hoyosroh\eclipse\bundle-pool\plugins\org.eclipse.equinox.launcher_1.6.400.v20210924-0641.jar"/><property name="java.vm.vendor" value="Oracle Corporation"/><property name="user.variant" value=""/><property name="eclipse.pde.launch" value="true"/><property name="user.timezone" value="America/Mexico_City"/><property name="org.osgi.framework.uuid" value="c8181e67-bde5-4e8f-99ba-41a36501dc52"/><property name="java.vm.specification.version" value="19"/><property name="os.name" value="Windows 10"/><property name="org.osgi.framework.processor" value="x86-64"/><property name="sun.java.launcher" value="SUN_STANDARD"/><property name="user.country" value="US"/><property name="sun.cpu.endian" value="little"/><property name="osgi.logfile" value="C:\Users\hoyosroh\eclipse\modeling\runtime-EclipseApplication\.metadata\.log"/><property name="user.home" value="C:\Users\hoyosroh"/><property name="osgi.install.area" value="file:/C:/Users/hoyosroh/eclipse/modeling/eclipse/"/><property name="user.language" value="en"/><property name="osgi.tracefile" value="C:\Users\hoyosroh\eclipse\modeling\runtime-EclipseApplication\.metadata\trace.log"/><property name="ds.delayed.keepInstances" value="true"/><property name="eclipse.product" value="org.eclipse.epp.package.modeling.product"/><property name="java.security.manager" value="allow"/><property name="eclipse.commands" value="-launcher&#10;C:\Users\hoyosroh\eclipse\modeling\eclipse\eclipse.exe&#10;-name&#10;Eclipse&#10;-showsplash&#10;600&#10;-product&#10;org.eclipse.epp.package.modeling.product&#10;-data&#10;C:\Users\hoyosroh\eclipse\modeling\epsilon-ws/../runtime-EclipseApplication&#10;-configuration&#10;file:C:/Users/hoyosroh/eclipse/modeling/epsilon-ws/.metadata/.plugins/org.eclipse.pde.core/Rhapsody Emc/&#10;-dev&#10;file:C:/Users/hoyosroh/eclipse/modeling/epsilon-ws/.metadata/.plugins/org.eclipse.pde.core/Rhapsody Emc/dev.properties&#10;-os&#10;win32&#10;-ws&#10;win32&#10;-arch&#10;x86_64&#10;-nl&#10;en_US&#10;-consoleLog&#10;"/><property name="stdout.encoding" value="Cp1252"/><property name="path.separator" value=";"/><property name="osgi.compatibility.bootdelegation" value="true"/><property name="os.version" value="10.0"/><property name="java.runtime.name" value="Java(TM) SE Runtime Environment"/><property name="eclipse.consoleLog" value="true"/><property name="org.osgi.supports.framework.fragment" value="true"/><property name="osgi.bundles" value="reference:file:C:/Users/hoyosroh/eclipse/bundle-pool/plugins/org.eclipse.osgi.compatibility.state_1.2.800.v20221116-1440.jar,reference:file:C:/Users/hoyosroh/eclipse/bundle-pool/plugins/org.eclipse.equinox.simpleconfigurator_1.4.200.v20221111-1340.jar@1:start"/><property name="osgi.framework.shape" value="jar"/><property name="java.vm.name" value="Java HotSpot(TM) 64-Bit Server VM"/><property name="eclipse.p2.profile" value="C__Users_hoyosroh_eclipse_modeling_eclipse"/><property name="osgi.framework" value="file:/C:/Users/hoyosroh/eclipse/bundle-pool/plugins/org.eclipse.osgi_3.18.300.v20230220-1352.jar"/><property name="osgi.configuration.area" value="file:/C:/Users/hoyosroh/eclipse/modeling/epsilon-ws/.metadata/.plugins/org.eclipse.pde.core/Rhapsody Emc/"/><property name="osgi.os" value="win32"/><property name="java.vendor.url.bug" value="https://bugreport.java.com/bugreport/"/><property name="osgi.splashLocation" value="C:\Users\hoyosroh\eclipse\bundle-pool\plugins\org.eclipse.epp.package.common_4.27.0.20230309-1200\splash.bmp"/><property name="org.osgi.framework.os.name" value="Windows10"/><property name="osgi.splashPath" value="file:/C:/Users/hoyosroh/eclipse/bundle-pool/plugins/org.eclipse.epp.package.common_4.27.0.20230309-1200"/><property name="org.osgi.supports.framework.extension" value="true"/><property name="applicationXMI" value="org.eclipse.ui.workbench/LegacyIDE.e4xmi"/><property name="org.osgi.framework.storage" value="C:\Users\hoyosroh\eclipse\modeling\epsilon-ws\.metadata\.plugins\org.eclipse.pde.core\Rhapsody Emc"/><property name="user.dir" value="C:\Users\hoyosroh\eclipse\modeling\eclipse"/><property name="os.arch" value="amd64"/><property name="osgi.ws" value="win32"/><property name="osgi.instance.area" value="file:/C:/Users/hoyosroh/eclipse/modeling/runtime-EclipseApplication/"/><property name="eclipse.launcher" value="C:\Users\hoyosroh\eclipse\modeling\eclipse\eclipse.exe"/><property name="osgi.frameworkClassPath" value="., file:C:/Users/hoyosroh/eclipse/bundle-pool/plugins/org.eclipse.osgi.compatibility.state_1.2.800.v20221116-1440.jar"/><property name="org.eclipse.update.reconcile" value="false"/><property name="eclipse.startTime" value="1685996332314"/><property name="org.osgi.framework.os.version" value="10.0.0"/><property name="java.vm.info" value="mixed mode, sharing"/><property name="java.vm.version" value="19.0.2+7-44"/><property name="eclipse.p2.data.area" value="@config.dir/.p2"/><property name="java.class.version" value="63.0"/></properties><testcase classname="default.test" name="enumeration_value_fails_for_invalid_name" time="0.00300000"/><testcase classname="default.test" name="enumeration_value_fails_for_invalid_literal" time="0.0180000"/><testcase classname="default.test" name="get_enumeration_value_matches" time="0.0140000"/><testcase classname="default.test" name="get_all_by_type_for_type" time="1.70900"/><testcase classname="default.test" name="get_all_by_type_for_new_term_stereotype" time="1.30200"/><testcase classname="default.test" name="get_all_by_kind_for_type" time="0.0260000"/><testcase classname="default.test" name="get_all_by_kind_for_new_term_stereotype" time="1.38400"/><testcase classname="default.test" name="create_stereotype_instance_without_paramteres" time="0.873000"/><testcase classname="default.test" name="get_type_of_matches_metaclass" time="0.0460000"/><testcase classname="default.test" name="is_of_kind_false_for_wrong_metaclass" time="0.00500000"/><testcase classname="default.test" name="is_of_kind_true_for_correct_metaclass" time="0.00700000"/><testcase classname="default.test" name="is_of_kind_true_for_correct_stereotype" time="0.506000"/><testcase classname="default.test" name="is_of_type_false_for_wrong_metaclass" time="0.00900000"/><testcase classname="default.test" name="is_of_type_false_for_wrong_stereotype" time="0.643000"/><testcase classname="default.test" name="is_of_type_true_for_correct_metaclass" time="0.00900000"/><testcase classname="default.test" name="is_of_type_true_for_correct_stereotype" time="0.585000"/><testcase classname="default.test" name="get_property_from_api" time="0.00200000"/><testcase classname="default.test" name="get_property_from_tag" time="0.0160000"/><testcase classname="default.test" name="set_property_from_api" time="0.0140000"/><testcase classname="default.test" name="set_property_from_tag" time="0.0300000"/><testcase classname="default.test" name="create_metaclass_instance_without_paramteres" time="0.00800000"/><testcase classname="default.test" name="is_of_kind_false_for_wrong_stereotype" time="0.722000"/><system-out>Test enumeration_value_fails_for_invalid_name {} passed [cpu: 15 ms, wallclock: 3 ms]&#13;
Test enumeration_value_fails_for_invalid_literal {} passed [cpu: 0 ms, wallclock: 18 ms]&#13;
Test get_enumeration_value_matches {} passed [cpu: 15 ms, wallclock: 14 ms]&#13;
Test get_all_by_type_for_type {} passed [cpu: 703 ms, wallclock: 1709 ms]&#13;
Test get_all_by_type_for_new_term_stereotype {} passed [cpu: 78 ms, wallclock: 1302 ms]&#13;
Test get_all_by_kind_for_type {} passed [cpu: 0 ms, wallclock: 26 ms]&#13;
Test get_all_by_kind_for_new_term_stereotype {} passed [cpu: 46 ms, wallclock: 1384 ms]&#13;
Test create_stereotype_instance_without_paramteres {} passed [cpu: 109 ms, wallclock: 873 ms]&#13;
Test get_type_of_matches_metaclass {} passed [cpu: 0 ms, wallclock: 46 ms]&#13;
Test is_of_kind_false_for_wrong_metaclass {} passed [cpu: 0 ms, wallclock: 5 ms]&#13;
Test is_of_kind_true_for_correct_metaclass {} passed [cpu: 0 ms, wallclock: 7 ms]&#13;
Test is_of_kind_true_for_correct_stereotype {} passed [cpu: 78 ms, wallclock: 506 ms]&#13;
Test is_of_type_false_for_wrong_metaclass {} passed [cpu: 15 ms, wallclock: 9 ms]&#13;
Test is_of_type_false_for_wrong_stereotype {} passed [cpu: 46 ms, wallclock: 643 ms]&#13;
Test is_of_type_true_for_correct_metaclass {} passed [cpu: 0 ms, wallclock: 9 ms]&#13;
Test is_of_type_true_for_correct_stereotype {} passed [cpu: 31 ms, wallclock: 585 ms]&#13;
Test get_property_from_api {} passed [cpu: 0 ms, wallclock: 2 ms]&#13;
Test get_property_from_tag {} passed [cpu: 0 ms, wallclock: 16 ms]&#13;
Test set_property_from_api {} passed [cpu: 0 ms, wallclock: 14 ms]&#13;
Test set_property_from_tag {} passed [cpu: 0 ms, wallclock: 30 ms]&#13;
Test create_metaclass_instance_without_paramteres {} passed [cpu: 15 ms, wallclock: 8 ms]&#13;
Test is_of_kind_false_for_wrong_stereotype {} passed [cpu: 46 ms, wallclock: 722 ms]&#13;
Test root {} passed [cpu: 1203 ms, wallclock: 7946 ms]&#13;
</system-out><system-err/></testsuite>